# JRE version: Java(TM) SE Runtime Environment (17.0.4.1+1) (build 17.0.4.1+1-LTS-2)
# Java VM: Java HotSpot(TM) 64-Bit Server VM (17.0.4.1+1-LTS-2, mixed mode, emulated-client, sharing, tiered, compressed oops, compressed class ptrs, g1 gc, windows-amd64)
GC Precious Log:
 CPUs: 12 total, 12 available
 Memory: 16159M
 Large Page Support: Disabled
 NUMA Support: Disabled
 Compressed Oops: Enabled (Zero based)
 Heap Region Size: 2M
 Heap Min Capacity: 8M
 Heap Initial Capacity: 254M
 Heap Max Capacity: 4040M
 Pre-touch: Disabled
 Parallel Workers: 10
 Concurrent Workers: 3
 Concurrent Refinement Workers: 10
 Periodic GC: Disabled
Heap:
 garbage-first heap   total 851968K, used 267182K [0x0000000703800000, 0x0000000800000000)
  region size 2048K, 24 young (49152K), 24 survivors (49152K)
 Metaspace       used 43518K, committed 43904K, reserved 1089536K
  class space    used 5924K, committed 6080K, reserved 1048576K
GC Heap History (20 events):
Event: 15.072 GC heap after
{Heap after GC invocations=14 (full 0):
 garbage-first heap   total 387072K, used 66844K [0x0000000703800000, 0x0000000800000000)
  region size 2048K, 3 young (6144K), 3 survivors (6144K)
 Metaspace       used 27782K, committed 28096K, reserved 1073152K
  class space    used 3755K, committed 3904K, reserved 1048576K
}
Event: 15.139 GC heap before
{Heap before GC invocations=14 (full 0):
 garbage-first heap   total 387072K, used 251164K [0x0000000703800000, 0x0000000800000000)
  region size 2048K, 94 young (192512K), 3 survivors (6144K)
 Metaspace       used 27783K, committed 28096K, reserved 1073152K
  class space    used 3755K, committed 3904K, reserved 1048576K
}
Event: 15.147 GC heap after
{Heap after GC invocations=15 (full 0):
 garbage-first heap   total 387072K, used 76944K [0x0000000703800000, 0x0000000800000000)
  region size 2048K, 8 young (16384K), 8 survivors (16384K)
 Metaspace       used 27783K, committed 28096K, reserved 1073152K
  class space    used 3755K, committed 3904K, reserved 1048576K
}
Event: 15.212 GC heap before
{Heap before GC invocations=15 (full 0):
 garbage-first heap   total 387072K, used 285840K [0x0000000703800000, 0x0000000800000000)
  region size 2048K, 111 young (227328K), 8 survivors (16384K)
 Metaspace       used 27783K, committed 28096K, reserved 1073152K
  class space    used 3755K, committed 3904K, reserved 1048576K
}
Event: 15.223 GC heap after
{Heap after GC invocations=16 (full 0):
 garbage-first heap   total 387072K, used 89201K [0x0000000703800000, 0x0000000800000000)
  region size 2048K, 13 young (26624K), 13 survivors (26624K)
 Metaspace       used 27783K, committed 28096K, reserved 1073152K
  class space    used 3755K, committed 3904K, reserved 1048576K
}
Event: 15.284 GC heap before
{Heap before GC invocations=16 (full 0):
 garbage-first heap   total 387072K, used 291953K [0x0000000703800000, 0x0000000800000000)
  region size 2048K, 113 young (231424K), 13 survivors (26624K)
 Metaspace       used 27783K, committed 28096K, reserved 1073152K
  class space    used 3755K, committed 3904K, reserved 1048576K
}
Event: 15.296 GC heap after
{Heap after GC invocations=17 (full 0):
 garbage-first heap   total 387072K, used 100934K [0x0000000703800000, 0x0000000800000000)
  region size 2048K, 12 young (24576K), 12 survivors (24576K)
 Metaspace       used 27783K, committed 28096K, reserved 1073152K
  class space    used 3755K, committed 3904K, reserved 1048576K
}
Event: 15.354 GC heap before
{Heap before GC invocations=17 (full 0):
 garbage-first heap   total 387072K, used 299590K [0x0000000703800000, 0x0000000800000000)
  region size 2048K, 110 young (225280K), 12 survivors (24576K)
 Metaspace       used 27783K, committed 28096K, reserved 1073152K
  class space    used 3755K, committed 3904K, reserved 1048576K
}
Event: 15.367 GC heap after
{Heap after GC invocations=18 (full 0):
 garbage-first heap   total 851968K, used 113044K [0x0000000703800000, 0x0000000800000000)
  region size 2048K, 12 young (24576K), 12 survivors (24576K)
 Metaspace       used 27783K, committed 28096K, reserved 1073152K
  class space    used 3755K, committed 3904K, reserved 1048576K
}
Event: 15.910 GC heap before
{Heap before GC invocations=18 (full 0):
 garbage-first heap   total 851968K, used 596372K [0x0000000703800000, 0x0000000800000000)
  region size 2048K, 249 young (509952K), 12 survivors (24576K)
 Metaspace       used 29407K, committed 29760K, reserved 1081344K
  class space    used 3904K, committed 4096K, reserved 1048576K
}
Event: 15.926 GC heap after
{Heap after GC invocations=19 (full 0):
 garbage-first heap   total 851968K, used 145938K [0x0000000703800000, 0x0000000800000000)
  region size 2048K, 28 young (57344K), 28 survivors (57344K)
 Metaspace       used 29407K, committed 29760K, reserved 1081344K
  class space    used 3904K, committed 4096K, reserved 1048576K
}
Event: 16.437 GC heap before
{Heap before GC invocations=19 (full 0):
 garbage-first heap   total 851968K, used 596498K [0x0000000703800000, 0x0000000800000000)
  region size 2048K, 249 young (509952K), 28 survivors (57344K)
 Metaspace       used 33883K, committed 34240K, reserved 1081344K
  class space    used 4289K, committed 4480K, reserved 1048576K
}
Event: 16.459 GC heap after
{Heap after GC invocations=20 (full 0):
 garbage-first heap   total 851968K, used 177139K [0x0000000703800000, 0x0000000800000000)
  region size 2048K, 16 young (32768K), 16 survivors (32768K)
 Metaspace       used 33883K, committed 34240K, reserved 1081344K
  class space    used 4289K, committed 4480K, reserved 1048576K
}
Event: 16.781 GC heap before
{Heap before GC invocations=20 (full 0):
 garbage-first heap   total 851968K, used 527347K [0x0000000703800000, 0x0000000800000000)
  region size 2048K, 189 young (387072K), 16 survivors (32768K)
 Metaspace       used 35620K, committed 35968K, reserved 1081344K
  class space    used 4514K, committed 4672K, reserved 1048576K
}
Event: 16.797 GC heap after
{Heap after GC invocations=21 (full 0):
 garbage-first heap   total 851968K, used 193523K [0x0000000703800000, 0x0000000800000000)
  region size 2048K, 24 young (49152K), 24 survivors (49152K)
 Metaspace       used 35620K, committed 35968K, reserved 1081344K
  class space    used 4514K, committed 4672K, reserved 1048576K
}
Event: 17.287 GC heap before
{Heap before GC invocations=22 (full 0):
 garbage-first heap   total 827392K, used 637939K [0x0000000703800000, 0x0000000800000000)
  region size 2048K, 242 young (495616K), 24 survivors (49152K)
 Metaspace       used 37611K, committed 38016K, reserved 1089536K
  class space    used 4746K, committed 4928K, reserved 1048576K
}
Event: 17.310 GC heap after
{Heap after GC invocations=23 (full 0):
 garbage-first heap   total 827392K, used 218217K [0x0000000703800000, 0x0000000800000000)
  region size 2048K, 22 young (45056K), 22 survivors (45056K)
 Metaspace       used 37611K, committed 38016K, reserved 1089536K
  class space    used 4746K, committed 4928K, reserved 1048576K
}
Event: 17.314 GC heap before
{Heap before GC invocations=23 (full 0):
 garbage-first heap   total 827392K, used 220265K [0x0000000703800000, 0x0000000800000000)
  region size 2048K, 23 young (47104K), 22 survivors (45056K)
 Metaspace       used 37612K, committed 38016K, reserved 1089536K
  class space    used 4746K, committed 4928K, reserved 1048576K
}
Event: 17.328 GC heap after
{Heap after GC invocations=24 (full 0):
 garbage-first heap   total 827392K, used 222708K [0x0000000703800000, 0x0000000800000000)
  region size 2048K, 3 young (6144K), 3 survivors (6144K)
 Metaspace       used 37612K, committed 38016K, reserved 1089536K
  class space    used 4746K, committed 4928K, reserved 1048576K
}
Event: 18.451 GC heap before
{Heap before GC invocations=24 (full 0):
 garbage-first heap   total 827392K, used 667124K [0x0000000703800000, 0x0000000800000000)
  region size 2048K, 220 young (450560K), 3 survivors (6144K)
 Metaspace       used 43518K, committed 43904K, reserved 1089536K
  class space    used 5924K, committed 6080K, reserved 1048576K
}

